Building DAG of jobs...
Creating conda environment envs/deseq2.yaml...
Downloading and installing remote packages.
Full Traceback (most recent call last):
  File "/usr/lib/python3/dist-packages/snakemake/deployment/conda.py", line 475, in create
    out = shell.check_output(
  File "/usr/lib/python3/dist-packages/snakemake/shell.py", line 63, in check_output
    return sp.check_output(cmd, shell=True, executable=executable, **kwargs)
  File "/usr/lib/python3.10/subprocess.py", line 421, in check_output
    return run(*popenargs, stdout=PIPE, timeout=timeout, check=True,
  File "/usr/lib/python3.10/subprocess.py", line 526, in run
    raise CalledProcessError(retcode, process.args,
subprocess.CalledProcessError: Command 'mamba env create --quiet --file "/home/abishag/Snakemake_RNASeq/rna-seq-analysis-snakemake-pipeline/.snakemake/conda/5938c250a9b635a2070e44451180edec.yaml" --prefix "/home/abishag/Snakemake_RNASeq/rna-seq-analysis-snakemake-pipeline/.snakemake/conda/5938c250a9b635a2070e44451180edec"' returned non-zero exit status 1.

During handling of the above exception, another exception occurred:

Traceback (most recent call last):
  File "/usr/lib/python3/dist-packages/snakemake/__init__.py", line 701, in snakemake
    success = workflow.execute(
  File "/usr/lib/python3/dist-packages/snakemake/workflow.py", line 952, in execute
    dag.create_conda_envs(
  File "/usr/lib/python3/dist-packages/snakemake/dag.py", line 304, in create_conda_envs
    env.create(dryrun)
  File "/usr/lib/python3/dist-packages/snakemake/deployment/conda.py", line 508, in create
    raise CreateCondaEnvironmentException(
snakemake.exceptions.CreateCondaEnvironmentException: Could not create conda environment from /home/abishag/Snakemake_RNASeq/rna-seq-analysis-snakemake-pipeline/envs/deseq2.yaml:
error    libmamba Non-conda folder exists at prefix - aborting.
critical libmamba Non-conda folder exists at prefix - aborting.


CreateCondaEnvironmentException:
Could not create conda environment from /home/abishag/Snakemake_RNASeq/rna-seq-analysis-snakemake-pipeline/envs/deseq2.yaml:
error    libmamba Non-conda folder exists at prefix - aborting.
critical libmamba Non-conda folder exists at prefix - aborting.

unlocking
removing lock
removing lock
removed all locks
